[0417/180520.425:ERROR:process_info.cc(329)] VirtualQueryEx: Access is denied. (0x5)
[0417/180520.508:ERROR:process_info.cc(556)] ReadMemoryInfo failed
[0417/180520.508:ERROR:process_memory_win.cc(39)] Failed to initialize ProcessInfo.
[0417/180520.508:ERROR:scoped_process_suspend.cc(40)] NtResumeProcess: An attempt was made to access an exiting process. (0xc000010a)
[0417/180520.425:ERROR:process_reader_win.cc(123)] NtOpenThread: {Access Denied} A process has requested access to an object, but has not been granted those access rights. (0xc0000022)
[0417/180520.680:ERROR:exception_snapshot_win.cc(98)] thread ID 8576 not found in process
[0504/181152.412:ERROR:process_info.cc(329)] VirtualQueryEx: Access is denied. (0x5)
[0504/181151.712:ERROR:process_reader_win.cc(123)] NtOpenThread: {Access Denied} A process has requested access to an object, but has not been granted those access rights. (0xc0000022)
[0504/181153.152:ERROR:process_info.cc(556)] ReadMemoryInfo failed
[0504/181152.264:ERROR:process_reader_win.cc(123)] NtOpenThread: {Access Denied} A process has requested access to an object, but has not been granted those access rights. (0xc0000022)
[0504/181153.152:ERROR:exception_snapshot_win.cc(98)] thread ID 12728 not found in process
[0504/181153.152:ERROR:exception_snapshot_win.cc(98)] thread ID 2340 not found in process
[0504/181153.152:ERROR:scoped_process_suspend.cc(40)] NtResumeProcess: An attempt was made to access an exiting process. (0xc000010a)
[0507/174723.920:ERROR:process_reader_win.cc(123)] NtOpenThread: {Access Denied} A process has requested access to an object, but has not been granted those access rights. (0xc0000022)
[0507/174723.924:ERROR:process_reader_win.cc(123)] NtOpenThread: {Access Denied} A process has requested access to an object, but has not been granted those access rights. (0xc0000022)
[0507/174724.141:ERROR:exception_snapshot_win.cc(98)] thread ID 10732 not found in process
[0507/174724.141:ERROR:exception_snapshot_win.cc(98)] thread ID 7748 not found in process
[0507/174723.920:ERROR:process_reader_win.cc(123)] NtOpenThread: {Access Denied} A process has requested access to an object, but has not been granted those access rights. (0xc0000022)
[0507/174724.217:ERROR:exception_snapshot_win.cc(98)] thread ID 12868 not found in process
[0511/232527.128:ERROR:process_reader_win.cc(123)] NtOpenThread: {Access Denied} A process has requested access to an object, but has not been granted those access rights. (0xc0000022)
[0511/232527.132:ERROR:process_reader_win.cc(123)] NtOpenThread: {Access Denied} A process has requested access to an object, but has not been granted those access rights. (0xc0000022)
[0511/232526.875:ERROR:scoped_process_suspend.cc(31)] NtSuspendProcess: An attempt was made to access an exiting process. (0xc000010a)
[0511/232527.128:ERROR:process_reader_win.cc(123)] NtOpenThread: {Access Denied} A process has requested access to an object, but has not been granted those access rights. (0xc0000022)
[0511/232527.128:ERROR:process_reader_win.cc(123)] NtOpenThread: {Access Denied} A process has requested access to an object, but has not been granted those access rights. (0xc0000022)
[0511/232527.167:ERROR:process_reader_win.cc(123)] NtOpenThread: {Access Denied} A process has requested access to an object, but has not been granted those access rights. (0xc0000022)
[0511/232527.899:ERROR:exception_snapshot_win.cc(98)] thread ID 4228 not found in process
[0511/232527.899:ERROR:exception_snapshot_win.cc(98)] thread ID 10656 not found in process
[0511/232527.899:ERROR:exception_snapshot_win.cc(98)] thread ID 9920 not found in process
[0511/232527.899:ERROR:exception_snapshot_win.cc(98)] thread ID 12216 not found in process
[0511/232527.899:ERROR:exception_snapshot_win.cc(98)] thread ID 10600 not found in process
[0511/232527.899:ERROR:process_info.cc(118)] ReadProcessMemory bool __cdecl crashpad::(anonymous namespace)::ReadStruct(HANDLE, crashpad::WinVMAddress, T *) [T = crashpad::process_types::PEB<crashpad::process_types::internal::Traits64>]: Only part of a ReadProcessMemory or WriteProcessMemory request was completed. (0x12B)
[0511/232527.980:ERROR:process_info.cc(551)] ReadProcessData failed
[0511/232529.141:ERROR:process_info.cc(329)] VirtualQueryEx: Access is denied. (0x5)
[0511/232529.142:ERROR:process_info.cc(556)] ReadMemoryInfo failed
[0511/232529.142:ERROR:scoped_process_suspend.cc(40)] NtResumeProcess: An attempt was made to access an exiting process. (0xc000010a)
[0602/220503.170:ERROR:process_memory_win.cc(73)] ReadMemory at 0x2be32cfd110 of 72 bytes failed: Only part of a ReadProcessMemory or WriteProcessMemory request was completed. (0x12B)
[0602/220504.572:WARNING:pe_image_annotations_reader.cc(134)] could not read annotations list object in C:\Program Files (x86)\Google\Chrome\Application\83.0.4103.61\chrome_elf.dll
[0602/220504.572:ERROR:process_memory_win.cc(73)] ReadMemory at 0x7fff4c2a0000 of 64 bytes failed: Only part of a ReadProcessMemory or WriteProcessMemory request was completed. (0x12B)
[0602/220504.572:WARNING:pe_image_reader.cc(340)] could not read dos header from C:\Windows\SYSTEM32\VERSION.dll
[0602/220504.572:ERROR:process_memory_win.cc(73)] ReadMemory at 0x7fff5f360000 of 64 bytes failed: Only part of a ReadProcessMemory or WriteProcessMemory request was completed. (0x12B)
[0602/220504.572:WARNING:pe_image_reader.cc(340)] could not read dos header from C:\Windows\System32\msvcrt.dll
[0602/220504.572:ERROR:process_memory_win.cc(73)] ReadMemory at 0x7fff5cda0000 of 64 bytes failed: Only part of a ReadProcessMemory or WriteProcessMemory request was completed. (0x12B)
[0602/220504.572:WARNING:pe_image_reader.cc(340)] could not read dos header from C:\Windows\System32\bcryptPrimitives.dll
[0602/220504.572:ERROR:process_memory_win.cc(73)] ReadMemory at 0x7fff5e500000 of 64 bytes failed: Only part of a ReadProcessMemory or WriteProcessMemory request was completed. (0x12B)
[0602/220504.572:WARNING:pe_image_reader.cc(340)] could not read dos header from C:\Windows\System32\ADVAPI32.dll
[0602/220504.572:ERROR:process_memory_win.cc(73)] ReadMemory at 0x7fff5f410000 of 64 bytes failed: Only part of a ReadProcessMemory or WriteProcessMemory request was completed. (0x12B)
[0602/220504.572:WARNING:pe_image_reader.cc(340)] could not read dos header from C:\Windows\System32\sechost.dll
[0602/220504.572:ERROR:process_memory_win.cc(73)] ReadMemory at 0x7fff5e8e0000 of 64 bytes failed: Only part of a ReadProcessMemory or WriteProcessMemory request was completed. (0x12B)
[0602/220504.572:WARNING:pe_image_reader.cc(340)] could not read dos header from C:\Windows\System32\RPCRT4.dll
[0602/220504.572:ERROR:process_memory_win.cc(73)] ReadMemory at 0x7fff13380000 of 64 bytes failed: Only part of a ReadProcessMemory or WriteProcessMemory request was completed. (0x12B)
[0602/220504.572:WARNING:pe_image_reader.cc(340)] could not read dos header from C:\Program Files (x86)\Google\Chrome\Application\83.0.4103.61\chrome.dll
[0602/220504.572:ERROR:process_memory_win.cc(73)] ReadMemory at 0x7fff5e610000 of 64 bytes failed: Only part of a ReadProcessMemory or WriteProcessMemory request was completed. (0x12B)
[0602/220504.572:WARNING:pe_image_reader.cc(340)] could not read dos header from C:\Windows\System32\WS2_32.dll
[0602/220504.573:ERROR:process_memory_win.cc(73)] ReadMemory at 0x7fff5f170000 of 64 bytes failed: Only part of a ReadProcessMemory or WriteProcessMemory request was completed. (0x12B)
[0602/220504.573:WARNING:pe_image_reader.cc(340)] could not read dos header from C:\Windows\System32\OLEAUT32.dll
[0602/220504.573:ERROR:process_memory_win.cc(73)] ReadMemory at 0x7fff5c970000 of 64 bytes failed: Only part of a ReadProcessMemory or WriteProcessMemory request was completed. (0x12B)
[0602/220504.573:WARNING:pe_image_reader.cc(340)] could not read dos header from C:\Windows\System32\msvcp_win.dll
[0602/220504.573:ERROR:process_memory_win.cc(73)] ReadMemory at 0x7fff5c4b0000 of 64 bytes failed: Only part of a ReadProcessMemory or WriteProcessMemory request was completed. (0x12B)
[0602/220504.573:WARNING:pe_image_reader.cc(340)] could not read dos header from C:\Windows\System32\ucrtbase.dll
[0602/220504.573:ERROR:process_memory_win.cc(73)] ReadMemory at 0x7fff5e1c0000 of 64 bytes failed: Only part of a ReadProcessMemory or WriteProcessMemory request was completed. (0x12B)
[0602/220504.573:WARNING:pe_image_reader.cc(340)] could not read dos header from C:\Windows\System32\combase.dll
[0602/220504.573:ERROR:process_memory_win.cc(73)] ReadMemory at 0x7fff5c910000 of 64 bytes failed: Only part of a ReadProcessMemory or WriteProcessMemory request was completed. (0x12B)
[0602/220504.573:WARNING:pe_image_reader.cc(340)] could not read dos header from C:\Windows\System32\WINTRUST.dll
[0602/220504.573:ERROR:process_memory_win.cc(73)] ReadMemory at 0x7fff5c3f0000 of 64 bytes failed: Only part of a ReadProcessMemory or WriteProcessMemory request was completed. (0x12B)
[0602/220504.573:WARNING:pe_image_reader.cc(340)] could not read dos header from C:\Windows\System32\MSASN1.dll
[0602/220504.573:ERROR:process_memory_win.cc(73)] ReadMemory at 0x7fff5cc30000 of 64 bytes failed: Only part of a ReadProcessMemory or WriteProcessMemory request was completed. (0x12B)
[0602/220504.573:WARNING:pe_image_reader.cc(340)] could not read dos header from C:\Windows\System32\CRYPT32.dll
[0602/220504.573:ERROR:process_memory_win.cc(73)] ReadMemory at 0x7fff5b960000 of 64 bytes failed: Only part of a ReadProcessMemory or WriteProcessMemory request was completed. (0x12B)
[0602/220504.573:WARNING:pe_image_reader.cc(340)] could not read dos header from C:\Windows\SYSTEM32\IPHLPAPI.DLL
[0602/220504.573:ERROR:process_memory_win.cc(73)] ReadMemory at 0x7fff59090000 of 64 bytes failed: Only part of a ReadProcessMemory or WriteProcessMemory request was completed. (0x12B)
[0602/220504.573:WARNING:pe_image_reader.cc(340)] could not read dos header from C:\Windows\SYSTEM32\WINMM.dll
[0602/220504.573:ERROR:process_memory_win.cc(73)] ReadMemory at 0x7fff49b50000 of 64 bytes failed: Only part of a ReadProcessMemory or WriteProcessMemory request was completed. (0x12B)
[0602/220504.573:WARNING:pe_image_reader.cc(340)] could not read dos header from C:\Windows\SYSTEM32\Secur32.dll
[0602/220504.573:ERROR:process_memory_win.cc(73)] ReadMemory at 0x7fff5c300000 of 64 bytes failed: Only part of a ReadProcessMemory or WriteProcessMemory request was completed. (0x12B)
[0602/220504.573:WARNING:pe_image_reader.cc(340)] could not read dos header from C:\Windows\SYSTEM32\USERENV.dll
[0602/220504.573:ERROR:process_memory_win.cc(73)] ReadMemory at 0x7fff5c430000 of 64 bytes failed: Only part of a ReadProcessMemory or WriteProcessMemory request was completed. (0x12B)
[0602/220504.573:WARNING:pe_image_reader.cc(340)] could not read dos header from C:\Windows\System32\profapi.dll
[0602/220504.573:ERROR:process_memory_win.cc(73)] ReadMemory at 0x7fff42300000 of 64 bytes failed: Only part of a ReadProcessMemory or WriteProcessMemory request was completed. (0x12B)
[0602/220504.573:WARNING:pe_image_reader.cc(340)] could not read dos header from C:\Windows\SYSTEM32\UIAutomationCore.DLL
[0602/220504.573:ERROR:process_memory_win.cc(73)] ReadMemory at 0x7fff51aa0000 of 64 bytes failed: Only part of a ReadProcessMemory or WriteProcessMemory request was completed. (0x12B)
[0602/220504.573:WARNING:pe_image_reader.cc(340)] could not read dos header from C:\Windows\SYSTEM32\DWrite.dll
[0602/220504.573:ERROR:process_memory_win.cc(73)] ReadMemory at 0x7fff46fd0000 of 64 bytes failed: Only part of a ReadProcessMemory or WriteProcessMemory request was completed. (0x12B)
[0602/220504.574:WARNING:pe_image_reader.cc(340)] could not read dos header from C:\Windows\SYSTEM32\WINSPOOL.DRV
[0602/220504.574:ERROR:process_memory_win.cc(73)] ReadMemory at 0x7fff5c410000 of 64 bytes failed: Only part of a ReadProcessMemory or WriteProcessMemory request was completed. (0x12B)
[0602/220504.574:WARNING:pe_image_reader.cc(340)] could not read dos header from C:\Windows\System32\kernel.appcore.dll
[0602/220504.574:ERROR:process_memory_win.cc(73)] ReadMemory at 0x7fff5ca60000 of 64 bytes failed: Only part of a ReadProcessMemory or WriteProcessMemory request was completed. (0x12B)
[0602/220504.574:WARNING:pe_image_reader.cc(340)] could not read dos header from C:\Windows\System32\bcrypt.dll
[0602/220504.574:ERROR:process_memory_win.cc(73)] ReadMemory at 0x7fff4b0d0000 of 64 bytes failed: Only part of a ReadProcessMemory or WriteProcessMemory request was completed. (0x12B)
[0602/220504.574:WARNING:pe_image_reader.cc(340)] could not read dos header from C:\Windows\SYSTEM32\dbghelp.dll
[0602/220504.574:ERROR:process_memory_win.cc(73)] ReadMemory at 0x7fff51420000 of 64 bytes failed: Only part of a ReadProcessMemory or WriteProcessMemory request was completed. (0x12B)
[0602/220504.574:WARNING:pe_image_reader.cc(340)] could not read dos header from C:\Windows\SYSTEM32\WINHTTP.dll
[0602/220504.574:ERROR:process_memory_win.cc(73)] ReadMemory at 0x7fff519c0000 of 64 bytes failed: Only part of a ReadProcessMemory or WriteProcessMemory request was completed. (0x12B)
[0602/220504.574:WARNING:pe_image_reader.cc(340)] could not read dos header from C:\Windows\SYSTEM32\dhcpcsvc.DLL
[0602/220504.574:ERROR:process_memory_win.cc(73)] ReadMemory at 0x2be32b00000 of 64 bytes failed: Only part of a ReadProcessMemory or WriteProcessMemory request was completed. (0x12B)
[0602/220504.574:WARNING:pe_image_reader.cc(340)] could not read dos header from C:\Windows\System32\NSI.dll
[0602/220504.574:ERROR:process_memory_win.cc(73)] ReadMemory at 0x7fff59060000 of 64 bytes failed: Only part of a ReadProcessMemory or WriteProcessMemory request was completed. (0x12B)
[0602/220504.574:WARNING:pe_image_reader.cc(340)] could not read dos header from C:\Windows\SYSTEM32\WINMMBASE.dll
[0602/220504.574:ERROR:process_memory_win.cc(73)] ReadMemory at 0x7fff5ca10000 of 64 bytes failed: Only part of a ReadProcessMemory or WriteProcessMemory request was completed. (0x12B)
[0602/220504.574:WARNING:pe_image_reader.cc(340)] could not read dos header from C:\Windows\System32\cfgmgr32.dll
[0602/220504.574:ERROR:process_memory_win.cc(73)] ReadMemory at 0x7fff58d70000 of 64 bytes failed: Only part of a ReadProcessMemory or WriteProcessMemory request was completed. (0x12B)
[0602/220504.574:WARNING:pe_image_reader.cc(340)] could not read dos header from C:\Windows\SYSTEM32\PROPSYS.dll
[0602/220504.574:ERROR:process_memory_win.cc(73)] ReadMemory at 0x7fff5e830000 of 64 bytes failed: Only part of a ReadProcessMemory or WriteProcessMemory request was completed. (0x12B)
[0602/220504.574:WARNING:pe_image_reader.cc(340)] could not read dos header from C:\Windows\System32\shcore.dll
[0602/220504.574:ERROR:process_memory_win.cc(73)] ReadMemory at 0x7fff5c2d0000 of 64 bytes failed: Only part of a ReadProcessMemory or WriteProcessMemory request was completed. (0x12B)
[0602/220504.574:WARNING:pe_image_reader.cc(340)] could not read dos header from C:\Windows\SYSTEM32\SSPICLI.DLL
[0602/220504.574:ERROR:process_memory_win.cc(73)] ReadMemory at 0x7fff5be20000 of 64 bytes failed: Only part of a ReadProcessMemory or WriteProcessMemory request was completed. (0x12B)
[0602/220504.574:WARNING:pe_image_reader.cc(340)] could not read dos header from C:\Windows\SYSTEM32\CRYPTBASE.DLL
[0602/220505.303:ERROR:process_memory_win.cc(73)] ReadMemory at 0x7ff60bb30000 of 64 bytes failed: Only part of a ReadProcessMemory or WriteProcessMemory request was completed. (0x12B)
[0602/220505.303:WARNING:pe_image_reader.cc(340)] could not read dos header from C:\Program Files (x86)\Google\Chrome\Application\chrome.exe
[0602/220505.303:ERROR:process_memory_win.cc(73)] ReadMemory at 0x7fff5f520000 of 64 bytes failed: Only part of a ReadProcessMemory or WriteProcessMemory request was completed. (0x12B)
[0602/220505.303:WARNING:pe_image_reader.cc(340)] could not read dos header from C:\Windows\SYSTEM32\ntdll.dll
[0602/220505.303:ERROR:process_memory_win.cc(73)] ReadMemory at 0x7fff5d5d0000 of 64 bytes failed: Only part of a ReadProcessMemory or WriteProcessMemory request was completed. (0x12B)
[0602/220505.303:WARNING:pe_image_reader.cc(340)] could not read dos header from C:\Windows\System32\KERNEL32.DLL
[0602/220505.303:ERROR:process_memory_win.cc(73)] ReadMemory at 0x7fff5c5b0000 of 64 bytes failed: Only part of a ReadProcessMemory or WriteProcessMemory request was completed. (0x12B)
[0602/220505.303:WARNING:pe_image_reader.cc(340)] could not read dos header from C:\Windows\System32\KERNELBASE.dll
[0602/220505.303:ERROR:process_memory_win.cc(73)] ReadMemory at 0x7fff34840000 of 64 bytes failed: Only part of a ReadProcessMemory or WriteProcessMemory request was completed. (0x12B)
[0602/220505.304:WARNING:pe_image_reader.cc(340)] could not read dos header from C:\Program Files (x86)\Google\Chrome\Application\83.0.4103.61\chrome_elf.dll
[0602/220505.304:ERROR:process_memory_win.cc(73)] ReadMemory at 0x7fff4c2a0000 of 64 bytes failed: Only part of a ReadProcessMemory or WriteProcessMemory request was completed. (0x12B)
[0602/220505.304:WARNING:pe_image_reader.cc(340)] could not read dos header from C:\Windows\SYSTEM32\VERSION.dll
[0602/220505.304:ERROR:process_memory_win.cc(73)] ReadMemory at 0x7fff5f360000 of 64 bytes failed: Only part of a ReadProcessMemory or WriteProcessMemory request was completed. (0x12B)
[0602/220505.304:WARNING:pe_image_reader.cc(340)] could not read dos header from C:\Windows\System32\msvcrt.dll
[0602/220505.304:ERROR:process_memory_win.cc(73)] ReadMemory at 0x7fff5cda0000 of 64 bytes failed: Only part of a ReadProcessMemory or WriteProcessMemory request was completed. (0x12B)
[0602/220505.304:WARNING:pe_image_reader.cc(340)] could not read dos header from C:\Windows\System32\bcryptPrimitives.dll
[0602/220505.304:ERROR:process_memory_win.cc(73)] ReadMemory at 0x7fff5e500000 of 64 bytes failed: Only part of a ReadProcessMemory or WriteProcessMemory request was completed. (0x12B)
[0602/220505.304:WARNING:pe_image_reader.cc(340)] could not read dos header from C:\Windows\System32\ADVAPI32.dll
[0602/220505.304:ERROR:process_memory_win.cc(73)] ReadMemory at 0x7fff5f410000 of 64 bytes failed: Only part of a ReadProcessMemory or WriteProcessMemory request was completed. (0x12B)
[0602/220505.304:WARNING:pe_image_reader.cc(340)] could not read dos header from C:\Windows\System32\sechost.dll
[0602/220505.304:ERROR:process_memory_win.cc(73)] ReadMemory at 0x7fff5e8e0000 of 64 bytes failed: Only part of a ReadProcessMemory or WriteProcessMemory request was completed. (0x12B)
[0602/220505.305:WARNING:pe_image_reader.cc(340)] could not read dos header from C:\Windows\System32\RPCRT4.dll
[0602/220505.305:ERROR:process_memory_win.cc(73)] ReadMemory at 0x7fff13380000 of 64 bytes failed: Only part of a ReadProcessMemory or WriteProcessMemory request was completed. (0x12B)
[0602/220505.305:WARNING:pe_image_reader.cc(340)] could not read dos header from C:\Program Files (x86)\Google\Chrome\Application\83.0.4103.61\chrome.dll
[0602/220505.305:ERROR:process_memory_win.cc(73)] ReadMemory at 0x7fff5e610000 of 64 bytes failed: Only part of a ReadProcessMemory or WriteProcessMemory request was completed. (0x12B)
[0602/220505.305:WARNING:pe_image_reader.cc(340)] could not read dos header from C:\Windows\System32\WS2_32.dll
[0602/220505.305:ERROR:process_memory_win.cc(73)] ReadMemory at 0x7fff5f170000 of 64 bytes failed: Only part of a ReadProcessMemory or WriteProcessMemory request was completed. (0x12B)
[0602/220505.305:WARNING:pe_image_reader.cc(340)] could not read dos header from C:\Windows\System32\OLEAUT32.dll
[0602/220505.305:ERROR:process_memory_win.cc(73)] ReadMemory at 0x7fff5c970000 of 64 bytes failed: Only part of a ReadProcessMemory or WriteProcessMemory request was completed. (0x12B)
[0602/220505.305:WARNING:pe_image_reader.cc(340)] could not read dos header from C:\Windows\System32\msvcp_win.dll
[0602/220505.305:ERROR:process_memory_win.cc(73)] ReadMemory at 0x7fff5c4b0000 of 64 bytes failed: Only part of a ReadProcessMemory or WriteProcessMemory request was completed. (0x12B)
[0602/220505.305:WARNING:pe_image_reader.cc(340)] could not read dos header from C:\Windows\System32\ucrtbase.dll
[0602/220505.305:ERROR:process_memory_win.cc(73)] ReadMemory at 0x7fff5e1c0000 of 64 bytes failed: Only part of a ReadProcessMemory or WriteProcessMemory request was completed. (0x12B)
[0602/220505.305:WARNING:pe_image_reader.cc(340)] could not read dos header from C:\Windows\System32\combase.dll
[0602/220505.306:ERROR:process_memory_win.cc(73)] ReadMemory at 0x7fff5c910000 of 64 bytes failed: Only part of a ReadProcessMemory or WriteProcessMemory request was completed. (0x12B)
[0602/220505.306:WARNING:pe_image_reader.cc(340)] could not read dos header from C:\Windows\System32\WINTRUST.dll
[0602/220505.306:ERROR:process_memory_win.cc(73)] ReadMemory at 0x7fff5c3f0000 of 64 bytes failed: Only part of a ReadProcessMemory or WriteProcessMemory request was completed. (0x12B)
[0602/220505.306:WARNING:pe_image_reader.cc(340)] could not read dos header from C:\Windows\System32\MSASN1.dll
[0602/220505.306:ERROR:process_memory_win.cc(73)] ReadMemory at 0x7fff5cc30000 of 64 bytes failed: Only part of a ReadProcessMemory or WriteProcessMemory request was completed. (0x12B)
[0602/220505.306:WARNING:pe_image_reader.cc(340)] could not read dos header from C:\Windows\System32\CRYPT32.dll
[0602/220505.306:ERROR:process_memory_win.cc(73)] ReadMemory at 0x7fff5b960000 of 64 bytes failed: Only part of a ReadProcessMemory or WriteProcessMemory request was completed. (0x12B)
[0602/220505.306:WARNING:pe_image_reader.cc(340)] could not read dos header from C:\Windows\SYSTEM32\IPHLPAPI.DLL
[0602/220505.306:ERROR:process_memory_win.cc(73)] ReadMemory at 0x7fff59090000 of 64 bytes failed: Only part of a ReadProcessMemory or WriteProcessMemory request was completed. (0x12B)
[0602/220505.306:WARNING:pe_image_reader.cc(340)] could not read dos header from C:\Windows\SYSTEM32\WINMM.dll
[0602/220505.306:ERROR:process_memory_win.cc(73)] ReadMemory at 0x7fff49b50000 of 64 bytes failed: Only part of a ReadProcessMemory or WriteProcessMemory request was completed. (0x12B)
[0602/220505.306:WARNING:pe_image_reader.cc(340)] could not read dos header from C:\Windows\SYSTEM32\Secur32.dll
[0602/220505.307:ERROR:process_memory_win.cc(73)] ReadMemory at 0x7fff5c300000 of 64 bytes failed: Only part of a ReadProcessMemory or WriteProcessMemory request was completed. (0x12B)
[0602/220505.307:WARNING:pe_image_reader.cc(340)] could not read dos header from C:\Windows\SYSTEM32\USERENV.dll
[0602/220505.307:ERROR:process_memory_win.cc(73)] ReadMemory at 0x7fff5c430000 of 64 bytes failed: Only part of a ReadProcessMemory or WriteProcessMemory request was completed. (0x12B)
[0602/220505.307:WARNING:pe_image_reader.cc(340)] could not read dos header from C:\Windows\System32\profapi.dll
[0602/220505.307:ERROR:process_memory_win.cc(73)] ReadMemory at 0x7fff42300000 of 64 bytes failed: Only part of a ReadProcessMemory or WriteProcessMemory request was completed. (0x12B)
[0602/220505.307:WARNING:pe_image_reader.cc(340)] could not read dos header from C:\Windows\SYSTEM32\UIAutomationCore.DLL
[0602/220505.307:ERROR:process_memory_win.cc(73)] ReadMemory at 0x7fff51aa0000 of 64 bytes failed: Only part of a ReadProcessMemory or WriteProcessMemory request was completed. (0x12B)
[0602/220505.307:WARNING:pe_image_reader.cc(340)] could not read dos header from C:\Windows\SYSTEM32\DWrite.dll
[0602/220505.307:ERROR:process_memory_win.cc(73)] ReadMemory at 0x7fff46fd0000 of 64 bytes failed: Only part of a ReadProcessMemory or WriteProcessMemory request was completed. (0x12B)
[0602/220505.307:WARNING:pe_image_reader.cc(340)] could not read dos header from C:\Windows\SYSTEM32\WINSPOOL.DRV
[0602/220505.307:ERROR:process_memory_win.cc(73)] ReadMemory at 0x7fff5c410000 of 64 bytes failed: Only part of a ReadProcessMemory or WriteProcessMemory request was completed. (0x12B)
[0602/220505.307:WARNING:pe_image_reader.cc(340)] could not read dos header from C:\Windows\System32\kernel.appcore.dll
[0602/220505.308:ERROR:process_memory_win.cc(73)] ReadMemory at 0x7fff5ca60000 of 64 bytes failed: Only part of a ReadProcessMemory or WriteProcessMemory request was completed. (0x12B)
[0602/220505.308:WARNING:pe_image_reader.cc(340)] could not read dos header from C:\Windows\System32\bcrypt.dll
[0602/220505.308:ERROR:process_memory_win.cc(73)] ReadMemory at 0x7fff4b0d0000 of 64 bytes failed: Only part of a ReadProcessMemory or WriteProcessMemory request was completed. (0x12B)
[0602/220505.308:WARNING:pe_image_reader.cc(340)] could not read dos header from C:\Windows\SYSTEM32\dbghelp.dll
[0602/220505.308:ERROR:process_memory_win.cc(73)] ReadMemory at 0x7fff51420000 of 64 bytes failed: Only part of a ReadProcessMemory or WriteProcessMemory request was completed. (0x12B)
[0602/220505.308:WARNING:pe_image_reader.cc(340)] could not read dos header from C:\Windows\SYSTEM32\WINHTTP.dll
[0602/220505.308:ERROR:process_memory_win.cc(73)] ReadMemory at 0x7fff519c0000 of 64 bytes failed: Only part of a ReadProcessMemory or WriteProcessMemory request was completed. (0x12B)
[0602/220505.308:WARNING:pe_image_reader.cc(340)] could not read dos header from C:\Windows\SYSTEM32\dhcpcsvc.DLL
[0602/220505.308:ERROR:process_memory_win.cc(73)] ReadMemory at 0x2be32b00000 of 64 bytes failed: Only part of a ReadProcessMemory or WriteProcessMemory request was completed. (0x12B)
[0602/220505.308:WARNING:pe_image_reader.cc(340)] could not read dos header from C:\Windows\System32\NSI.dll
[0602/220505.308:ERROR:process_memory_win.cc(73)] ReadMemory at 0x7fff59060000 of 64 bytes failed: Only part of a ReadProcessMemory or WriteProcessMemory request was completed. (0x12B)
[0602/220505.309:WARNING:pe_image_reader.cc(340)] could not read dos header from C:\Windows\SYSTEM32\WINMMBASE.dll
[0602/220505.309:ERROR:process_memory_win.cc(73)] ReadMemory at 0x7fff5ca10000 of 64 bytes failed: Only part of a ReadProcessMemory or WriteProcessMemory request was completed. (0x12B)
[0602/220505.309:WARNING:pe_image_reader.cc(340)] could not read dos header from C:\Windows\System32\cfgmgr32.dll
[0602/220505.309:ERROR:process_memory_win.cc(73)] ReadMemory at 0x7fff58d70000 of 64 bytes failed: Only part of a ReadProcessMemory or WriteProcessMemory request was completed. (0x12B)
[0602/220505.309:WARNING:pe_image_reader.cc(340)] could not read dos header from C:\Windows\SYSTEM32\PROPSYS.dll
[0602/220505.309:ERROR:process_memory_win.cc(73)] ReadMemory at 0x7fff5e830000 of 64 bytes failed: Only part of a ReadProcessMemory or WriteProcessMemory request was completed. (0x12B)
[0602/220505.309:WARNING:pe_image_reader.cc(340)] could not read dos header from C:\Windows\System32\shcore.dll
[0602/220505.309:ERROR:process_memory_win.cc(73)] ReadMemory at 0x7fff5c2d0000 of 64 bytes failed: Only part of a ReadProcessMemory or WriteProcessMemory request was completed. (0x12B)
[0602/220505.309:WARNING:pe_image_reader.cc(340)] could not read dos header from C:\Windows\SYSTEM32\SSPICLI.DLL
[0602/220505.309:ERROR:process_memory_win.cc(73)] ReadMemory at 0x7fff5be20000 of 64 bytes failed: Only part of a ReadProcessMemory or WriteProcessMemory request was completed. (0x12B)
[0602/220505.309:WARNING:pe_image_reader.cc(340)] could not read dos header from C:\Windows\SYSTEM32\CRYPTBASE.DLL
[0602/220505.309:ERROR:process_memory_win.cc(73)] ReadMemory at 0x7ff60bb30000 of 64 bytes failed: Only part of a ReadProcessMemory or WriteProcessMemory request was completed. (0x12B)
[0602/220505.309:WARNING:pe_image_reader.cc(340)] could not read dos header from C:\Program Files (x86)\Google\Chrome\Application\chrome.exe
[0602/220505.310:ERROR:process_memory_win.cc(73)] ReadMemory at 0x7fff5f520000 of 64 bytes failed: Only part of a ReadProcessMemory or WriteProcessMemory request was completed. (0x12B)
[0602/220505.310:WARNING:pe_image_reader.cc(340)] could not read dos header from C:\Windows\SYSTEM32\ntdll.dll
[0602/220505.310:ERROR:process_memory_win.cc(73)] ReadMemory at 0x7fff5d5d0000 of 64 bytes failed: Only part of a ReadProcessMemory or WriteProcessMemory request was completed. (0x12B)
[0602/220505.310:WARNING:pe_image_reader.cc(340)] could not read dos header from C:\Windows\System32\KERNEL32.DLL
[0602/220505.310:ERROR:process_memory_win.cc(73)] ReadMemory at 0x7fff5c5b0000 of 64 bytes failed: Only part of a ReadProcessMemory or WriteProcessMemory request was completed. (0x12B)
[0602/220505.310:WARNING:pe_image_reader.cc(340)] could not read dos header from C:\Windows\System32\KERNELBASE.dll
[0602/220505.310:ERROR:process_memory_win.cc(73)] ReadMemory at 0x7fff34840000 of 64 bytes failed: Only part of a ReadProcessMemory or WriteProcessMemory request was completed. (0x12B)
[0602/220505.310:WARNING:pe_image_reader.cc(340)] could not read dos header from C:\Program Files (x86)\Google\Chrome\Application\83.0.4103.61\chrome_elf.dll
[0602/220505.310:ERROR:process_memory_win.cc(73)] ReadMemory at 0x7fff4c2a0000 of 64 bytes failed: Only part of a ReadProcessMemory or WriteProcessMemory request was completed. (0x12B)
[0602/220505.310:WARNING:pe_image_reader.cc(340)] could not read dos header from C:\Windows\SYSTEM32\VERSION.dll
[0602/220505.310:ERROR:process_memory_win.cc(73)] ReadMemory at 0x7fff5f360000 of 64 bytes failed: Only part of a ReadProcessMemory or WriteProcessMemory request was completed. (0x12B)
[0602/220505.311:WARNING:pe_image_reader.cc(340)] could not read dos header from C:\Windows\System32\msvcrt.dll
[0602/220505.311:ERROR:process_memory_win.cc(73)] ReadMemory at 0x7fff5cda0000 of 64 bytes failed: Only part of a ReadProcessMemory or WriteProcessMemory request was completed. (0x12B)
[0602/220505.311:WARNING:pe_image_reader.cc(340)] could not read dos header from C:\Windows\System32\bcryptPrimitives.dll
[0602/220505.311:ERROR:process_memory_win.cc(73)] ReadMemory at 0x7fff5e500000 of 64 bytes failed: Only part of a ReadProcessMemory or WriteProcessMemory request was completed. (0x12B)
[0602/220505.311:WARNING:pe_image_reader.cc(340)] could not read dos header from C:\Windows\System32\ADVAPI32.dll
[0602/220505.311:ERROR:process_memory_win.cc(73)] ReadMemory at 0x7fff5f410000 of 64 bytes failed: Only part of a ReadProcessMemory or WriteProcessMemory request was completed. (0x12B)
[0602/220505.311:WARNING:pe_image_reader.cc(340)] could not read dos header from C:\Windows\System32\sechost.dll
[0602/220505.311:ERROR:process_memory_win.cc(73)] ReadMemory at 0x7fff5e8e0000 of 64 bytes failed: Only part of a ReadProcessMemory or WriteProcessMemory request was completed. (0x12B)
[0602/220505.311:WARNING:pe_image_reader.cc(340)] could not read dos header from C:\Windows\System32\RPCRT4.dll
[0602/220505.311:ERROR:process_memory_win.cc(73)] ReadMemory at 0x7fff13380000 of 64 bytes failed: Only part of a ReadProcessMemory or WriteProcessMemory request was completed. (0x12B)
[0602/220505.311:WARNING:pe_image_reader.cc(340)] could not read dos header from C:\Program Files (x86)\Google\Chrome\Application\83.0.4103.61\chrome.dll
[0602/220505.312:ERROR:process_memory_win.cc(73)] ReadMemory at 0x7fff5e610000 of 64 bytes failed: Only part of a ReadProcessMemory or WriteProcessMemory request was completed. (0x12B)
[0602/220505.312:WARNING:pe_image_reader.cc(340)] could not read dos header from C:\Windows\System32\WS2_32.dll
[0602/220505.312:ERROR:process_memory_win.cc(73)] ReadMemory at 0x7fff5f170000 of 64 bytes failed: Only part of a ReadProcessMemory or WriteProcessMemory request was completed. (0x12B)
[0602/220505.312:WARNING:pe_image_reader.cc(340)] could not read dos header from C:\Windows\System32\OLEAUT32.dll
[0602/220505.312:ERROR:process_memory_win.cc(73)] ReadMemory at 0x7fff5c970000 of 64 bytes failed: Only part of a ReadProcessMemory or WriteProcessMemory request was completed. (0x12B)
[0602/220505.312:WARNING:pe_image_reader.cc(340)] could not read dos header from C:\Windows\System32\msvcp_win.dll
[0602/220505.312:ERROR:process_memory_win.cc(73)] ReadMemory at 0x7fff5c4b0000 of 64 bytes failed: Only part of a ReadProcessMemory or WriteProcessMemory request was completed. (0x12B)
[0602/220505.312:WARNING:pe_image_reader.cc(340)] could not read dos header from C:\Windows\System32\ucrtbase.dll
[0602/220505.312:ERROR:process_memory_win.cc(73)] ReadMemory at 0x7fff5e1c0000 of 64 bytes failed: Only part of a ReadProcessMemory or WriteProcessMemory request was completed. (0x12B)
[0602/220505.312:WARNING:pe_image_reader.cc(340)] could not read dos header from C:\Windows\System32\combase.dll
[0602/220505.312:ERROR:process_memory_win.cc(73)] ReadMemory at 0x7fff5c910000 of 64 bytes failed: Only part of a ReadProcessMemory or WriteProcessMemory request was completed. (0x12B)
[0602/220505.312:WARNING:pe_image_reader.cc(340)] could not read dos header from C:\Windows\System32\WINTRUST.dll
[0602/220505.313:ERROR:process_memory_win.cc(73)] ReadMemory at 0x7fff5c3f0000 of 64 bytes failed: Only part of a ReadProcessMemory or WriteProcessMemory request was completed. (0x12B)
[0602/220505.313:WARNING:pe_image_reader.cc(340)] could not read dos header from C:\Windows\System32\MSASN1.dll
[0602/220505.313:ERROR:process_memory_win.cc(73)] ReadMemory at 0x7fff5cc30000 of 64 bytes failed: Only part of a ReadProcessMemory or WriteProcessMemory request was completed. (0x12B)
[0602/220505.313:WARNING:pe_image_reader.cc(340)] could not read dos header from C:\Windows\System32\CRYPT32.dll
[0602/220505.313:ERROR:process_memory_win.cc(73)] ReadMemory at 0x7fff5b960000 of 64 bytes failed: Only part of a ReadProcessMemory or WriteProcessMemory request was completed. (0x12B)
[0602/220505.313:WARNING:pe_image_reader.cc(340)] could not read dos header from C:\Windows\SYSTEM32\IPHLPAPI.DLL
[0602/220505.313:ERROR:process_memory_win.cc(73)] ReadMemory at 0x7fff59090000 of 64 bytes failed: Only part of a ReadProcessMemory or WriteProcessMemory request was completed. (0x12B)
[0602/220505.313:WARNING:pe_image_reader.cc(340)] could not read dos header from C:\Windows\SYSTEM32\WINMM.dll
[0602/220505.313:ERROR:process_memory_win.cc(73)] ReadMemory at 0x7fff49b50000 of 64 bytes failed: Only part of a ReadProcessMemory or WriteProcessMemory request was completed. (0x12B)
[0602/220505.313:WARNING:pe_image_reader.cc(340)] could not read dos header from C:\Windows\SYSTEM32\Secur32.dll
[0602/220505.313:ERROR:process_memory_win.cc(73)] ReadMemory at 0x7fff5c300000 of 64 bytes failed: Only part of a ReadProcessMemory or WriteProcessMemory request was completed. (0x12B)
[0602/220505.313:WARNING:pe_image_reader.cc(340)] could not read dos header from C:\Windows\SYSTEM32\USERENV.dll
[0602/220505.314:ERROR:process_memory_win.cc(73)] ReadMemory at 0x7fff5c430000 of 64 bytes failed: Only part of a ReadProcessMemory or WriteProcessMemory request was completed. (0x12B)
[0602/220505.314:WARNING:pe_image_reader.cc(340)] could not read dos header from C:\Windows\System32\profapi.dll
[0602/220505.314:ERROR:process_memory_win.cc(73)] ReadMemory at 0x7fff42300000 of 64 bytes failed: Only part of a ReadProcessMemory or WriteProcessMemory request was completed. (0x12B)
[0602/220505.314:WARNING:pe_image_reader.cc(340)] could not read dos header from C:\Windows\SYSTEM32\UIAutomationCore.DLL
[0602/220505.314:ERROR:process_memory_win.cc(73)] ReadMemory at 0x7fff51aa0000 of 64 bytes failed: Only part of a ReadProcessMemory or WriteProcessMemory request was completed. (0x12B)
[0602/220505.314:WARNING:pe_image_reader.cc(340)] could not read dos header from C:\Windows\SYSTEM32\DWrite.dll
[0602/220505.314:ERROR:process_memory_win.cc(73)] ReadMemory at 0x7fff46fd0000 of 64 bytes failed: Only part of a ReadProcessMemory or WriteProcessMemory request was completed. (0x12B)
[0602/220505.314:WARNING:pe_image_reader.cc(340)] could not read dos header from C:\Windows\SYSTEM32\WINSPOOL.DRV
[0602/220505.314:ERROR:process_memory_win.cc(73)] ReadMemory at 0x7fff5c410000 of 64 bytes failed: Only part of a ReadProcessMemory or WriteProcessMemory request was completed. (0x12B)
[0602/220505.314:WARNING:pe_image_reader.cc(340)] could not read dos header from C:\Windows\System32\kernel.appcore.dll
[0602/220505.314:ERROR:process_memory_win.cc(73)] ReadMemory at 0x7fff5ca60000 of 64 bytes failed: Only part of a ReadProcessMemory or WriteProcessMemory request was completed. (0x12B)
[0602/220505.314:WARNING:pe_image_reader.cc(340)] could not read dos header from C:\Windows\System32\bcrypt.dll
[0602/220505.314:ERROR:process_memory_win.cc(73)] ReadMemory at 0x7fff4b0d0000 of 64 bytes failed: Only part of a ReadProcessMemory or WriteProcessMemory request was completed. (0x12B)
[0602/220505.315:WARNING:pe_image_reader.cc(340)] could not read dos header from C:\Windows\SYSTEM32\dbghelp.dll
[0602/220505.315:ERROR:process_memory_win.cc(73)] ReadMemory at 0x7fff51420000 of 64 bytes failed: Only part of a ReadProcessMemory or WriteProcessMemory request was completed. (0x12B)
[0602/220505.315:WARNING:pe_image_reader.cc(340)] could not read dos header from C:\Windows\SYSTEM32\WINHTTP.dll
[0602/220505.315:ERROR:process_memory_win.cc(73)] ReadMemory at 0x7fff519c0000 of 64 bytes failed: Only part of a ReadProcessMemory or WriteProcessMemory request was completed. (0x12B)
[0602/220505.315:WARNING:pe_image_reader.cc(340)] could not read dos header from C:\Windows\SYSTEM32\dhcpcsvc.DLL
[0602/220505.315:ERROR:process_memory_win.cc(73)] ReadMemory at 0x2be32b00000 of 64 bytes failed: Only part of a ReadProcessMemory or WriteProcessMemory request was completed. (0x12B)
[0602/220505.315:WARNING:pe_image_reader.cc(340)] could not read dos header from C:\Windows\System32\NSI.dll
[0602/220505.315:ERROR:process_memory_win.cc(73)] ReadMemory at 0x7fff59060000 of 64 bytes failed: Only part of a ReadProcessMemory or WriteProcessMemory request was completed. (0x12B)
[0602/220505.315:WARNING:pe_image_reader.cc(340)] could not read dos header from C:\Windows\SYSTEM32\WINMMBASE.dll
[0602/220505.315:ERROR:process_memory_win.cc(73)] ReadMemory at 0x7fff5ca10000 of 64 bytes failed: Only part of a ReadProcessMemory or WriteProcessMemory request was completed. (0x12B)
[0602/220505.315:WARNING:pe_image_reader.cc(340)] could not read dos header from C:\Windows\System32\cfgmgr32.dll
[0602/220505.315:ERROR:process_memory_win.cc(73)] ReadMemory at 0x7fff58d70000 of 64 bytes failed: Only part of a ReadProcessMemory or WriteProcessMemory request was completed. (0x12B)
[0602/220505.315:WARNING:pe_image_reader.cc(340)] could not read dos header from C:\Windows\SYSTEM32\PROPSYS.dll
[0602/220505.316:ERROR:process_memory_win.cc(73)] ReadMemory at 0x7fff5e830000 of 64 bytes failed: Only part of a ReadProcessMemory or WriteProcessMemory request was completed. (0x12B)
[0602/220505.316:WARNING:pe_image_reader.cc(340)] could not read dos header from C:\Windows\System32\shcore.dll
[0602/220505.316:ERROR:process_memory_win.cc(73)] ReadMemory at 0x7fff5c2d0000 of 64 bytes failed: Only part of a ReadProcessMemory or WriteProcessMemory request was completed. (0x12B)
[0602/220505.316:WARNING:pe_image_reader.cc(340)] could not read dos header from C:\Windows\SYSTEM32\SSPICLI.DLL
[0602/220505.316:ERROR:process_memory_win.cc(73)] ReadMemory at 0x7fff5be20000 of 64 bytes failed: Only part of a ReadProcessMemory or WriteProcessMemory request was completed. (0x12B)
[0602/220505.316:WARNING:pe_image_reader.cc(340)] could not read dos header from C:\Windows\SYSTEM32\CRYPTBASE.DLL
[0602/220505.456:ERROR:process_memory_win.cc(73)] ReadMemory at 0xdf2d3f0000 of 65536 bytes failed: Only part of a ReadProcessMemory or WriteProcessMemory request was completed. (0x12B)
[0602/220505.586:ERROR:process_memory_win.cc(73)] ReadMemory at 0xdf2dbfd000 of 12288 bytes failed: Only part of a ReadProcessMemory or WriteProcessMemory request was completed. (0x12B)
[0602/220505.586:ERROR:process_memory_win.cc(73)] ReadMemory at 0xdf2e3f6000 of 40960 bytes failed: Only part of a ReadProcessMemory or WriteProcessMemory request was completed. (0x12B)
[0602/220505.587:ERROR:process_memory_win.cc(73)] ReadMemory at 0xdf2ebfc000 of 16384 bytes failed: Only part of a ReadProcessMemory or WriteProcessMemory request was completed. (0x12B)
[0602/220505.587:ERROR:process_memory_win.cc(73)] ReadMemory at 0xdf2f3fc000 of 16384 bytes failed: Only part of a ReadProcessMemory or WriteProcessMemory request was completed. (0x12B)
[0602/220505.587:ERROR:process_memory_win.cc(73)] ReadMemory at 0xdf2fbfe000 of 8192 bytes failed: Only part of a ReadProcessMemory or WriteProcessMemory request was completed. (0x12B)
[0602/220505.587:ERROR:process_memory_win.cc(73)] ReadMemory at 0xdf303fd000 of 12288 bytes failed: Only part of a ReadProcessMemory or WriteProcessMemory request was completed. (0x12B)
[0602/220505.587:ERROR:process_memory_win.cc(73)] ReadMemory at 0xdf30bfb000 of 20480 bytes failed: Only part of a ReadProcessMemory or WriteProcessMemory request was completed. (0x12B)
[0602/220505.588:ERROR:process_memory_win.cc(73)] ReadMemory at 0xdf313fd000 of 12288 bytes failed: Only part of a ReadProcessMemory or WriteProcessMemory request was completed. (0x12B)
[0602/220505.588:ERROR:process_memory_win.cc(73)] ReadMemory at 0xdf31bf6000 of 40960 bytes failed: Only part of a ReadProcessMemory or WriteProcessMemory request was completed. (0x12B)
[0602/220505.588:ERROR:process_memory_win.cc(73)] ReadMemory at 0xdf323f5000 of 45056 bytes failed: Only part of a ReadProcessMemory or WriteProcessMemory request was completed. (0x12B)
[0602/220505.588:ERROR:process_memory_win.cc(73)] ReadMemory at 0xdf32bfd000 of 12288 bytes failed: Only part of a ReadProcessMemory or WriteProcessMemory request was completed. (0x12B)
[0602/220505.589:ERROR:process_memory_win.cc(73)] ReadMemory at 0xdf333fa000 of 24576 bytes failed: Only part of a ReadProcessMemory or WriteProcessMemory request was completed. (0x12B)
[0602/220505.589:ERROR:process_memory_win.cc(73)] ReadMemory at 0xdf33bfd000 of 12288 bytes failed: Only part of a ReadProcessMemory or WriteProcessMemory request was completed. (0x12B)
[0602/220505.589:ERROR:process_memory_win.cc(73)] ReadMemory at 0xdf343fb000 of 20480 bytes failed: Only part of a ReadProcessMemory or WriteProcessMemory request was completed. (0x12B)
[0602/220505.589:ERROR:process_memory_win.cc(73)] ReadMemory at 0xdf34bfe000 of 8192 bytes failed: Only part of a ReadProcessMemory or WriteProcessMemory request was completed. (0x12B)
[0602/220505.708:ERROR:process_memory_win.cc(73)] ReadMemory at 0xdf2cb40000 of 852 bytes failed: Only part of a ReadProcessMemory or WriteProcessMemory request was completed. (0x12B)
[0602/220505.709:ERROR:process_memory_win.cc(73)] ReadMemory at 0xdf2cb41000 of 6024 bytes failed: Only part of a ReadProcessMemory or WriteProcessMemory request was completed. (0x12B)
[0602/220505.728:ERROR:process_memory_win.cc(73)] ReadMemory at 0xdf2cb43000 of 6024 bytes failed: Only part of a ReadProcessMemory or WriteProcessMemory request was completed. (0x12B)
[0602/220505.728:ERROR:process_memory_win.cc(73)] ReadMemory at 0xdf2cb45000 of 6024 bytes failed: Only part of a ReadProcessMemory or WriteProcessMemory request was completed. (0x12B)
[0602/220505.728:ERROR:process_memory_win.cc(73)] ReadMemory at 0xdf2cb47000 of 6024 bytes failed: Only part of a ReadProcessMemory or WriteProcessMemory request was completed. (0x12B)
[0602/220505.728:ERROR:process_memory_win.cc(73)] ReadMemory at 0xdf2cb49000 of 6024 bytes failed: Only part of a ReadProcessMemory or WriteProcessMemory request was completed. (0x12B)
[0602/220505.729:ERROR:process_memory_win.cc(73)] ReadMemory at 0xdf2cb4b000 of 6024 bytes failed: Only part of a ReadProcessMemory or WriteProcessMemory request was completed. (0x12B)
[0602/220505.729:ERROR:process_memory_win.cc(73)] ReadMemory at 0xdf2cb4d000 of 6024 bytes failed: Only part of a ReadProcessMemory or WriteProcessMemory request was completed. (0x12B)
[0602/220505.729:ERROR:process_memory_win.cc(73)] ReadMemory at 0xdf2cb4f000 of 6024 bytes failed: Only part of a ReadProcessMemory or WriteProcessMemory request was completed. (0x12B)
[0602/220505.729:ERROR:process_memory_win.cc(73)] ReadMemory at 0xdf2cb51000 of 6024 bytes failed: Only part of a ReadProcessMemory or WriteProcessMemory request was completed. (0x12B)
[0602/220505.729:ERROR:process_memory_win.cc(73)] ReadMemory at 0xdf2cb53000 of 6024 bytes failed: Only part of a ReadProcessMemory or WriteProcessMemory request was completed. (0x12B)
[0602/220505.729:ERROR:process_memory_win.cc(73)] ReadMemory at 0xdf2cb55000 of 6024 bytes failed: Only part of a ReadProcessMemory or WriteProcessMemory request was completed. (0x12B)
[0602/220505.729:ERROR:process_memory_win.cc(73)] ReadMemory at 0xdf2cb57000 of 6024 bytes failed: Only part of a ReadProcessMemory or WriteProcessMemory request was completed. (0x12B)
[0602/220505.729:ERROR:process_memory_win.cc(73)] ReadMemory at 0xdf2cb5b000 of 6024 bytes failed: Only part of a ReadProcessMemory or WriteProcessMemory request was completed. (0x12B)
[0602/220505.729:ERROR:process_memory_win.cc(73)] ReadMemory at 0xdf2cb5d000 of 6024 bytes failed: Only part of a ReadProcessMemory or WriteProcessMemory request was completed. (0x12B)
[0602/220505.729:ERROR:process_memory_win.cc(73)] ReadMemory at 0xdf2cb5f000 of 6024 bytes failed: Only part of a ReadProcessMemory or WriteProcessMemory request was completed. (0x12B)
[0602/220505.729:ERROR:process_memory_win.cc(73)] ReadMemory at 0xdf2cb61000 of 6024 bytes failed: Only part of a ReadProcessMemory or WriteProcessMemory request was completed. (0x12B)
[0602/220505.729:ERROR:process_memory_win.cc(73)] ReadMemory at 0x2be32b60750 of 80 bytes failed: Only part of a ReadProcessMemory or WriteProcessMemory request was completed. (0x12B)
[0602/220505.730:ERROR:process_memory_win.cc(73)] ReadMemory at 0x2be32b60fe0 of 20528 bytes failed: Only part of a ReadProcessMemory or WriteProcessMemory request was completed. (0x12B)
[0602/220505.820:ERROR:process_memory_win.cc(73)] ReadMemory at 0x2be32b66020 of 1012 bytes failed: Only part of a ReadProcessMemory or WriteProcessMemory request was completed. (0x12B)
[0602/220505.993:ERROR:process_memory_win.cc(73)] ReadMemory at 0x2be32b66668 of 118 bytes failed: Only part of a ReadProcessMemory or WriteProcessMemory request was completed. (0x12B)
[0602/220505.993:ERROR:process_memory_win.cc(73)] ReadMemory at 0x2be32b666e0 of 754 bytes failed: Only part of a ReadProcessMemory or WriteProcessMemory request was completed. (0x12B)
[0602/220506.055:ERROR:process_memory_win.cc(73)] ReadMemory at 0x2be32b669d4 of 118 bytes failed: Only part of a ReadProcessMemory or WriteProcessMemory request was completed. (0x12B)
[0602/220506.055:ERROR:process_memory_win.cc(73)] ReadMemory at 0x2be32b66a4c of 98 bytes failed: Only part of a ReadProcessMemory or WriteProcessMemory request was completed. (0x12B)
[0602/220506.055:ERROR:process_memory_win.cc(73)] ReadMemory at 0x2be32b66ac0 of 58 bytes failed: Only part of a ReadProcessMemory or WriteProcessMemory request was completed. (0x12B)
[0602/220506.056:ERROR:process_memory_win.cc(73)] ReadMemory at 0x2be32b66bc0 of 132 bytes failed: Only part of a ReadProcessMemory or WriteProcessMemory request was completed. (0x12B)
[0602/220506.056:ERROR:process_memory_win.cc(73)] ReadMemory at 0x2be32b66d50 of 132 bytes failed: Only part of a ReadProcessMemory or WriteProcessMemory request was completed. (0x12B)
[0602/220506.056:ERROR:process_memory_win.cc(73)] ReadMemory at 0x2be32b66f10 of 124 bytes failed: Only part of a ReadProcessMemory or WriteProcessMemory request was completed. (0x12B)
[0602/220506.056:ERROR:process_memory_win.cc(73)] ReadMemory at 0x2be32b672f0 of 132 bytes failed: Only part of a ReadProcessMemory or WriteProcessMemory request was completed. (0x12B)
[0602/220506.056:ERROR:process_memory_win.cc(73)] ReadMemory at 0x2be32b67480 of 64 bytes failed: Only part of a ReadProcessMemory or WriteProcessMemory request was completed. (0x12B)
[0602/220506.056:ERROR:process_memory_win.cc(73)] ReadMemory at 0x2be32b674d0 of 132 bytes failed: Only part of a ReadProcessMemory or WriteProcessMemory request was completed. (0x12B)
[0602/220506.057:ERROR:process_memory_win.cc(73)] ReadMemory at 0x2be32b67640 of 132 bytes failed: Only part of a ReadProcessMemory or WriteProcessMemory request was completed. (0x12B)
[0602/220506.057:ERROR:process_memory_win.cc(73)] ReadMemory at 0x2be32b678e0 of 132 bytes failed: Only part of a ReadProcessMemory or WriteProcessMemory request was completed. (0x12B)
[0602/220506.057:ERROR:process_memory_win.cc(73)] ReadMemory at 0x2be32b67a70 of 68 bytes failed: Only part of a ReadProcessMemory or WriteProcessMemory request was completed. (0x12B)
[0602/220506.057:ERROR:process_memory_win.cc(73)] ReadMemory at 0x2be32b68b40 of 132 bytes failed: Only part of a ReadProcessMemory or WriteProcessMemory request was completed. (0x12B)
[0602/220506.057:ERROR:process_memory_win.cc(73)] ReadMemory at 0x2be32b68cd0 of 152 bytes failed: Only part of a ReadProcessMemory or WriteProcessMemory request was completed. (0x12B)
[0602/220506.057:ERROR:process_memory_win.cc(73)] ReadMemory at 0x2be32b69ae0 of 62 bytes failed: Only part of a ReadProcessMemory or WriteProcessMemory request was completed. (0x12B)
[0602/220506.057:ERROR:process_memory_win.cc(73)] ReadMemory at 0x2be32b69b60 of 144 bytes failed: Only part of a ReadProcessMemory or WriteProcessMemory request was completed. (0x12B)
[0602/220506.058:ERROR:process_memory_win.cc(73)] ReadMemory at 0x2be32b69c40 of 132 bytes failed: Only part of a ReadProcessMemory or WriteProcessMemory request was completed. (0x12B)
[0602/220506.058:ERROR:process_memory_win.cc(73)] ReadMemory at 0x2be32b69dd0 of 60 bytes failed: Only part of a ReadProcessMemory or WriteProcessMemory request was completed. (0x12B)
[0602/220506.058:ERROR:process_memory_win.cc(73)] ReadMemory at 0x2be32b6c060 of 132 bytes failed: Only part of a ReadProcessMemory or WriteProcessMemory request was completed. (0x12B)
[0602/220506.058:ERROR:process_memory_win.cc(73)] ReadMemory at 0x2be32b6fbf0 of 76 bytes failed: Only part of a ReadProcessMemory or WriteProcessMemory request was completed. (0x12B)
[0602/220506.058:ERROR:process_memory_win.cc(73)] ReadMemory at 0x2be32b70370 of 80 bytes failed: Only part of a ReadProcessMemory or WriteProcessMemory request was completed. (0x12B)
[0602/220506.058:ERROR:process_memory_win.cc(73)] ReadMemory at 0x2be32b723b0 of 132 bytes failed: Only part of a ReadProcessMemory or WriteProcessMemory request was completed. (0x12B)
[0602/220506.059:ERROR:process_memory_win.cc(73)] ReadMemory at 0x2be32b72710 of 132 bytes failed: Only part of a ReadProcessMemory or WriteProcessMemory request was completed. (0x12B)
[0602/220506.059:ERROR:process_memory_win.cc(73)] ReadMemory at 0x2be32b72920 of 132 bytes failed: Only part of a ReadProcessMemory or WriteProcessMemory request was completed. (0x12B)
[0602/220506.059:ERROR:process_memory_win.cc(73)] ReadMemory at 0x2be32b764e0 of 54 bytes failed: Only part of a ReadProcessMemory or WriteProcessMemory request was completed. (0x12B)
[0602/220506.059:ERROR:process_memory_win.cc(73)] ReadMemory at 0x2be32b76fc0 of 132 bytes failed: Only part of a ReadProcessMemory or WriteProcessMemory request was completed. (0x12B)
[0602/220506.059:ERROR:process_memory_win.cc(73)] ReadMemory at 0x2be32b771d0 of 66 bytes failed: Only part of a ReadProcessMemory or WriteProcessMemory request was completed. (0x12B)
[0602/220506.060:ERROR:process_memory_win.cc(73)] ReadMemory at 0x2be32b77220 of 60 bytes failed: Only part of a ReadProcessMemory or WriteProcessMemory request was completed. (0x12B)
[0602/220506.060:ERROR:process_memory_win.cc(73)] ReadMemory at 0x2be32b77270 of 58 bytes failed: Only part of a ReadProcessMemory or WriteProcessMemory request was completed. (0x12B)
[0602/220506.060:ERROR:process_memory_win.cc(73)] ReadMemory at 0x2be32b772c0 of 62 bytes failed: Only part of a ReadProcessMemory or WriteProcessMemory request was completed. (0x12B)
[0602/220506.060:ERROR:process_memory_win.cc(73)] ReadMemory at 0x2be32b77310 of 60 bytes failed: Only part of a ReadProcessMemory or WriteProcessMemory request was completed. (0x12B)
[0602/220506.060:ERROR:process_memory_win.cc(73)] ReadMemory at 0x2be32b77360 of 64 bytes failed: Only part of a ReadProcessMemory or WriteProcessMemory request was completed. (0x12B)
[0602/220506.060:ERROR:process_memory_win.cc(73)] ReadMemory at 0x2be32b773b0 of 64 bytes failed: Only part of a ReadProcessMemory or WriteProcessMemory request was completed. (0x12B)
[0602/220506.061:ERROR:process_memory_win.cc(73)] ReadMemory at 0x2be32b77450 of 64 bytes failed: Only part of a ReadProcessMemory or WriteProcessMemory request was completed. (0x12B)
[0602/220506.061:ERROR:process_memory_win.cc(73)] ReadMemory at 0x2be32b774a0 of 62 bytes failed: Only part of a ReadProcessMemory or WriteProcessMemory request was completed. (0x12B)
[0602/220506.061:ERROR:process_memory_win.cc(73)] ReadMemory at 0x2be32b77590 of 62 bytes failed: Only part of a ReadProcessMemory or WriteProcessMemory request was completed. (0x12B)
[0602/220506.061:ERROR:process_memory_win.cc(73)] ReadMemory at 0x2be32b77630 of 62 bytes failed: Only part of a ReadProcessMemory or WriteProcessMemory request was completed. (0x12B)
[0602/220506.061:ERROR:process_memory_win.cc(73)] ReadMemory at 0x2be32b77680 of 62 bytes failed: Only part of a ReadProcessMemory or WriteProcessMemory request was completed. (0x12B)
[0602/220506.061:ERROR:process_memory_win.cc(73)] ReadMemory at 0x2be32b776d0 of 62 bytes failed: Only part of a ReadProcessMemory or WriteProcessMemory request was completed. (0x12B)
[0602/220506.061:ERROR:process_memory_win.cc(73)] ReadMemory at 0x2be32b77720 of 64 bytes failed: Only part of a ReadProcessMemory or WriteProcessMemory request was completed. (0x12B)
[0602/220506.062:ERROR:process_memory_win.cc(73)] ReadMemory at 0x2be32b77770 of 64 bytes failed: Only part of a ReadProcessMemory or WriteProcessMemory request was completed. (0x12B)
[0602/220506.437:ERROR:process_memory_win.cc(73)] ReadMemory at 0x2be32b778b0 of 64 bytes failed: Only part of a ReadProcessMemory or WriteProcessMemory request was completed. (0x12B)
[0602/220506.437:ERROR:process_memory_win.cc(73)] ReadMemory at 0x2be32b779f0 of 62 bytes failed: Only part of a ReadProcessMemory or WriteProcessMemory request was completed. (0x12B)
[0602/220506.438:ERROR:process_memory_win.cc(73)] ReadMemory at 0x2be32b77ae0 of 64 bytes failed: Only part of a ReadProcessMemory or WriteProcessMemory request was completed. (0x12B)
[0602/220506.438:ERROR:process_memory_win.cc(73)] ReadMemory at 0x2be32b77b30 of 64 bytes failed: Only part of a ReadProcessMemory or WriteProcessMemory request was completed. (0x12B)
[0602/220506.676:ERROR:process_memory_win.cc(73)] ReadMemory at 0x2be32b77b80 of 66 bytes failed: Only part of a ReadProcessMemory or WriteProcessMemory request was completed. (0x12B)
[0602/220506.686:ERROR:process_memory_win.cc(73)] ReadMemory at 0x2be32b77bd0 of 60 bytes failed: Only part of a ReadProcessMemory or WriteProcessMemory request was completed. (0x12B)
[0602/220506.687:ERROR:process_memory_win.cc(73)] ReadMemory at 0x2be32b77c20 of 62 bytes failed: Only part of a ReadProcessMemory or WriteProcessMemory request was completed. (0x12B)
[0602/220507.915:ERROR:process_memory_win.cc(73)] ReadMemory at 0x2be32b77cc0 of 62 bytes failed: Only part of a ReadProcessMemory or WriteProcessMemory request was completed. (0x12B)
[0602/220507.915:ERROR:process_memory_win.cc(73)] ReadMemory at 0x2be32b77e50 of 62 bytes failed: Only part of a ReadProcessMemory or WriteProcessMemory request was completed. (0x12B)
[0602/220507.916:ERROR:process_memory_win.cc(73)] ReadMemory at 0x2be32b77f40 of 60 bytes failed: Only part of a ReadProcessMemory or WriteProcessMemory request was completed. (0x12B)
[0602/220507.916:ERROR:process_memory_win.cc(73)] ReadMemory at 0x2be32b77f90 of 60 bytes failed: Only part of a ReadProcessMemory or WriteProcessMemory request was completed. (0x12B)
[0602/220508.046:ERROR:process_memory_win.cc(73)] ReadMemory at 0x2be32b78030 of 60 bytes failed: Only part of a ReadProcessMemory or WriteProcessMemory request was completed. (0x12B)
[0602/220508.046:ERROR:process_memory_win.cc(73)] ReadMemory at 0x2be32b78d10 of 132 bytes failed: Only part of a ReadProcessMemory or WriteProcessMemory request was completed. (0x12B)
[0602/220508.046:ERROR:process_memory_win.cc(73)] ReadMemory at 0x2be32b78e40 of 132 bytes failed: Only part of a ReadProcessMemory or WriteProcessMemory request was completed. (0x12B)
[0602/220508.139:ERROR:process_memory_win.cc(73)] ReadMemory at 0x2be32b7a530 of 132 bytes failed: Only part of a ReadProcessMemory or WriteProcessMemory request was completed. (0x12B)
[0602/220508.140:ERROR:process_memory_win.cc(73)] ReadMemory at 0x2be32b7a660 of 132 bytes failed: Only part of a ReadProcessMemory or WriteProcessMemory request was completed. (0x12B)
[0602/220508.140:ERROR:process_memory_win.cc(73)] ReadMemory at 0x2be32b7c270 of 132 bytes failed: Only part of a ReadProcessMemory or WriteProcessMemory request was completed. (0x12B)
[0602/220508.140:ERROR:process_memory_win.cc(73)] ReadMemory at 0x2be32b7c3a0 of 132 bytes failed: Only part of a ReadProcessMemory or WriteProcessMemory request was completed. (0x12B)
[0602/220508.141:ERROR:process_memory_win.cc(73)] ReadMemory at 0x2be32b7c4d0 of 132 bytes failed: Only part of a ReadProcessMemory or WriteProcessMemory request was completed. (0x12B)
[0602/220508.141:ERROR:process_memory_win.cc(73)] ReadMemory at 0x2be32b7c600 of 132 bytes failed: Only part of a ReadProcessMemory or WriteProcessMemory request was completed. (0x12B)
[0602/220508.141:ERROR:process_memory_win.cc(73)] ReadMemory at 0x2be32b7c730 of 132 bytes failed: Only part of a ReadProcessMemory or WriteProcessMemory request was completed. (0x12B)
[0602/220508.142:ERROR:process_memory_win.cc(73)] ReadMemory at 0x2be32b7c860 of 132 bytes failed: Only part of a ReadProcessMemory or WriteProcessMemory request was completed. (0x12B)
[0602/220508.142:ERROR:process_memory_win.cc(73)] ReadMemory at 0x2be32b7c990 of 132 bytes failed: Only part of a ReadProcessMemory or WriteProcessMemory request was completed. (0x12B)
[0602/220508.142:ERROR:process_memory_win.cc(73)] ReadMemory at 0x2be32b7cac0 of 132 bytes failed: Only part of a ReadProcessMemory or WriteProcessMemory request was completed. (0x12B)
[0602/220508.144:ERROR:process_memory_win.cc(73)] ReadMemory at 0x2be32b7cbf0 of 132 bytes failed: Only part of a ReadProcessMemory or WriteProcessMemory request was completed. (0x12B)
[0602/220508.144:ERROR:process_memory_win.cc(73)] ReadMemory at 0x2be32b7cd20 of 132 bytes failed: Only part of a ReadProcessMemory or WriteProcessMemory request was completed. (0x12B)
[0602/220508.144:ERROR:process_memory_win.cc(73)] ReadMemory at 0x2be32b7ce50 of 132 bytes failed: Only part of a ReadProcessMemory or WriteProcessMemory request was completed. (0x12B)
[0602/220508.287:ERROR:process_memory_win.cc(73)] ReadMemory at 0x2be32b7d0b0 of 132 bytes failed: Only part of a ReadProcessMemory or WriteProcessMemory request was completed. (0x12B)
[0602/220508.288:ERROR:process_memory_win.cc(73)] ReadMemory at 0x2be32b7d610 of 132 bytes failed: Only part of a ReadProcessMemory or WriteProcessMemory request was completed. (0x12B)
[0602/220508.288:ERROR:process_memory_win.cc(73)] ReadMemory at 0x2be32b7d740 of 132 bytes failed: Only part of a ReadProcessMemory or WriteProcessMemory request was completed. (0x12B)
[0602/220508.288:ERROR:process_memory_win.cc(73)] ReadMemory at 0x2be32b7d9a0 of 132 bytes failed: Only part of a ReadProcessMemory or WriteProcessMemory request was completed. (0x12B)
[0602/220508.288:ERROR:process_memory_win.cc(73)] ReadMemory at 0x2be32b7dad0 of 132 bytes failed: Only part of a ReadProcessMemory or WriteProcessMemory request was completed. (0x12B)
[0602/220508.289:ERROR:process_memory_win.cc(73)] ReadMemory at 0x2be32b7dc00 of 132 bytes failed: Only part of a ReadProcessMemory or WriteProcessMemory request was completed. (0x12B)
[0602/220508.289:ERROR:process_memory_win.cc(73)] ReadMemory at 0x2be32b7de60 of 132 bytes failed: Only part of a ReadProcessMemory or WriteProcessMemory request was completed. (0x12B)
[0602/220508.289:ERROR:process_memory_win.cc(73)] ReadMemory at 0x2be32b7e450 of 132 bytes failed: Only part of a ReadProcessMemory or WriteProcessMemory request was completed. (0x12B)
[0602/220508.319:ERROR:process_memory_win.cc(73)] ReadMemory at 0x2be32b7e7e0 of 132 bytes failed: Only part of a ReadProcessMemory or WriteProcessMemory request was completed. (0x12B)
[0602/220508.319:ERROR:process_memory_win.cc(73)] ReadMemory at 0x2be32b7eca0 of 132 bytes failed: Only part of a ReadProcessMemory or WriteProcessMemory request was completed. (0x12B)
[0602/220508.319:ERROR:process_memory_win.cc(73)] ReadMemory at 0x2be32b7edd0 of 132 bytes failed: Only part of a ReadProcessMemory or WriteProcessMemory request was completed. (0x12B)
[0602/220508.320:ERROR:process_memory_win.cc(73)] ReadMemory at 0x2be32b95ba0 of 512 bytes failed: Only part of a ReadProcessMemory or WriteProcessMemory request was completed. (0x12B)
[0602/220508.320:ERROR:process_memory_win.cc(73)] ReadMemory at 0x2be32b96950 of 512 bytes failed: Only part of a ReadProcessMemory or WriteProcessMemory request was completed. (0x12B)
[0602/220508.320:ERROR:process_memory_win.cc(73)] ReadMemory at 0x2be32c60dc0 of 512 bytes failed: Only part of a ReadProcessMemory or WriteProcessMemory request was completed. (0x12B)
[0602/220508.320:ERROR:process_memory_win.cc(73)] ReadMemory at 0x2be331b48a0 of 512 bytes failed: Only part of a ReadProcessMemory or WriteProcessMemory request was completed. (0x12B)
[0602/220508.321:ERROR:process_memory_win.cc(73)] ReadMemory at 0x2be331cfa50 of 512 bytes failed: Only part of a ReadProcessMemory or WriteProcessMemory request was completed. (0x12B)
[0602/220508.321:ERROR:process_memory_win.cc(73)] ReadMemory at 0x2be331d25a0 of 712 bytes failed: Only part of a ReadProcessMemory or WriteProcessMemory request was completed. (0x12B)
[0602/220508.321:ERROR:process_memory_win.cc(73)] ReadMemory at 0x2be332aff80 of 512 bytes failed: Only part of a ReadProcessMemory or WriteProcessMemory request was completed. (0x12B)
[0602/220508.321:ERROR:process_memory_win.cc(73)] ReadMemory at 0x2be34822b38 of 512 bytes failed: Only part of a ReadProcessMemory or WriteProcessMemory request was completed. (0x12B)
[0602/220508.321:ERROR:process_memory_win.cc(73)] ReadMemory at 0x2be348bc540 of 512 bytes failed: Only part of a ReadProcessMemory or WriteProcessMemory request was completed. (0x12B)
[0602/220508.322:ERROR:process_memory_win.cc(73)] ReadMemory at 0x2be348c72d0 of 512 bytes failed: Only part of a ReadProcessMemory or WriteProcessMemory request was completed. (0x12B)
[0602/220508.322:ERROR:process_memory_win.cc(73)] ReadMemory at 0x2be34a17418 of 512 bytes failed: Only part of a ReadProcessMemory or WriteProcessMemory request was completed. (0x12B)
[0602/220508.322:ERROR:process_memory_win.cc(73)] ReadMemory at 0x2be34e43c40 of 512 bytes failed: Only part of a ReadProcessMemory or WriteProcessMemory request was completed. (0x12B)
[0602/220508.322:ERROR:process_memory_win.cc(73)] ReadMemory at 0x2be370272b0 of 512 bytes failed: Only part of a ReadProcessMemory or WriteProcessMemory request was completed. (0x12B)
[0602/220508.322:ERROR:process_memory_win.cc(73)] ReadMemory at 0x2be3cc75180 of 512 bytes failed: Only part of a ReadProcessMemory or WriteProcessMemory request was completed. (0x12B)
[0602/220508.323:ERROR:process_memory_win.cc(73)] ReadMemory at 0x2be3d998050 of 512 bytes failed: Only part of a ReadProcessMemory or WriteProcessMemory request was completed. (0x12B)
[0602/220508.323:ERROR:process_memory_win.cc(73)] ReadMemory at 0x16532ee38480 of 792 bytes failed: Only part of a ReadProcessMemory or WriteProcessMemory request was completed. (0x12B)
[0602/220508.323:ERROR:process_memory_win.cc(73)] ReadMemory at 0x3de40b897210 of 512 bytes failed: Only part of a ReadProcessMemory or WriteProcessMemory request was completed. (0x12B)
[0602/220508.323:ERROR:process_memory_win.cc(73)] ReadMemory at 0x3de40b898f50 of 512 bytes failed: Only part of a ReadProcessMemory or WriteProcessMemory request was completed. (0x12B)
[0602/220508.323:ERROR:process_memory_win.cc(73)] ReadMemory at 0x4424743c1000 of 384 bytes failed: Only part of a ReadProcessMemory or WriteProcessMemory request was completed. (0x12B)
[0602/220508.324:ERROR:process_memory_win.cc(73)] ReadMemory at 0x7b29b7581000 of 384 bytes failed: Only part of a ReadProcessMemory or WriteProcessMemory request was completed. (0x12B)
[0602/220508.324:ERROR:process_memory_win.cc(73)] ReadMemory at 0x7fff156ee21b of 512 bytes failed: Only part of a ReadProcessMemory or WriteProcessMemory request was completed. (0x12B)
[0602/220508.324:ERROR:process_memory_win.cc(73)] ReadMemory at 0x7fff15b0806c of 512 bytes failed: Only part of a ReadProcessMemory or WriteProcessMemory request was completed. (0x12B)
[0602/220508.324:ERROR:process_memory_win.cc(73)] ReadMemory at 0x7fff348679a5 of 512 bytes failed: Only part of a ReadProcessMemory or WriteProcessMemory request was completed. (0x12B)
[0602/220508.324:ERROR:process_memory_win.cc(73)] ReadMemory at 0x7fff34868180 of 512 bytes failed: Only part of a ReadProcessMemory or WriteProcessMemory request was completed. (0x12B)
[0602/220508.325:ERROR:process_memory_win.cc(73)] ReadMemory at 0x7fff5f5bc074 of 672 bytes failed: Only part of a ReadProcessMemory or WriteProcessMemory request was completed. (0x12B)
[0602/220508.325:ERROR:process_memory_win.cc(73)] ReadMemory at 0x7fff5f5bf924 of 608 bytes failed: Only part of a ReadProcessMemory or WriteProcessMemory request was completed. (0x12B)
[0602/220508.325:ERROR:process_memory_win.cc(73)] ReadMemory at 0x7fff5f64c428 of 18 bytes failed: Only part of a ReadProcessMemory or WriteProcessMemory request was completed. (0x12B)
[0602/220508.325:ERROR:process_memory_win.cc(73)] ReadMemory at 0x7fff5f67f4f8 of 40 bytes failed: Only part of a ReadProcessMemory or WriteProcessMemory request was completed. (0x12B)
[0602/220508.325:ERROR:process_memory_win.cc(73)] ReadMemory at 0x7fff5f67f978 of 48 bytes failed: Only part of a ReadProcessMemory or WriteProcessMemory request was completed. (0x12B)
[0602/220508.326:ERROR:process_memory_win.cc(73)] ReadMemory at 0x7fff5f6853c0 of 64 bytes failed: Only part of a ReadProcessMemory or WriteProcessMemory request was completed. (0x12B)
[0602/220508.359:ERROR:scoped_process_suspend.cc(40)] NtResumeProcess: An attempt was made to access an exiting process. (0xc000010a)
[1023/102451.930:ERROR:directory_reader_win.cc(43)] FindFirstFile: The system cannot find the path specified. (0x3)
